<?xml version="1.0" encoding="UTF-8"?>
<testng-results ignored="0" total="1" passed="1" failed="0" skipped="0">
  <reporter-output>
  </reporter-output>
  <suite started-at="2018-05-13T09:52:11Z" name="Default suite" finished-at="2018-05-13T09:52:13Z" duration-ms="2199">
    <groups>
    </groups>
    <test started-at="2018-05-13T09:52:11Z" name="Default test" finished-at="2018-05-13T09:52:13Z" duration-ms="2199">
      <class name="com.demo.tests.GetAdvanced">
        <test-method signature="GetTest()[pri:0, instance:com.demo.tests.GetAdvanced@53aad5d5]" started-at="2018-05-13T09:52:11Z" name="GetTest" finished-at="2018-05-13T09:52:13Z" duration-ms="2174" status="PASS">
          <reporter-output>
          </reporter-output>
        </test-method> <!-- GetTest -->
      </class> <!-- com.demo.tests.GetAdvanced -->
    </test> <!-- Default test -->
  </suite> <!-- Default suite -->
</testng-results>
